x264 configure script
Command line options: "--host=arm-linux" "--cross-prefix=arm-linux-androideabi-" "--sysroot=/Users/HX/Software/dev/android/android-ndk-r10d/platforms/android-21/arch-arm" "--enable-pic" "--disable-pthread" "--disable-avs-input" "--disable-lavf-input" "--disable-ffms-input" "--disable-mp4-output" "--prefix=./dest/neon-v7a" "--extra-cflags=-march=armv7-a" "-mfloat-abi=softfp" "-mfpu=neon" "--extra-ldflags=-Wl,--fix-cortex-a8"

checking whether arm-linux-androideabi-gcc works... yes
checking for -std=gnu99... yes
checking whether arm-linux-androideabi-gcc supports __asm__("rev ip, ip");... yes
checking whether arm-linux-androideabi-gcc supports __asm__("movt r0, #0");... yes
checking whether arm-linux-androideabi-gcc supports __asm__("vadd.i16 q0, q0, q0");... yes
checking for return log2f(2); in math.h... yes
checking for stdio.h... yes
checking for fseeko(stdin,0,0); in stdio.h... yes

Platform:   ARM
System:     LINUX
asm:        yes
avs input:  no
lavf input: no
ffms input: no
mp4 output: no
pthread:    no
debug:      no
gprof:      no
PIC:        yes
shared:     no
visualize:  no
